2025-01-16 10:23:08 - scrapper - INFO - Environnement : uat
2025-01-16 10:23:14 - scrapper - INFO - Application terminée.
2025-01-16 10:34:18 - scrapper - INFO - Environnement : uat
2025-01-16 10:34:27 - scrapper - INFO - Application terminée.
2025-01-16 10:34:41 - scrapper - INFO - Environnement : uat
2025-01-16 10:34:47 - scrapper - INFO - Application terminée.
2025-01-16 10:52:58 - scrapper - INFO - Environnement : uat
2025-01-16 10:53:05 - scrapper - INFO - Application terminée.
2025-01-16 10:53:48 - scrapper - INFO - Environnement : uat
2025-01-16 10:53:54 - scrapper - INFO - Application terminée.
2025-01-16 10:56:15 - scrapper - INFO - Environnement : uat
2025-01-16 10:56:21 - scrapper - INFO - Application terminée.
2025-01-16 10:57:11 - scrapper - INFO - Environnement : uat
2025-01-16 10:57:17 - scrapper - INFO - Application terminée.
2025-01-16 10:58:07 - scrapper - INFO - Environnement : uat
2025-01-16 10:58:13 - scrapper - INFO - Application terminée.
2025-01-16 10:58:46 - scrapper - INFO - Environnement : uat
2025-01-16 10:58:51 - scrapper - INFO - Application terminée.
2025-01-16 11:08:48 - scrapper - INFO - Environnement : uat
2025-01-16 11:08:54 - scrapper - INFO - Application terminée.
2025-01-16 18:30:29 - scrapper - INFO - Application Started.
2025-01-16 18:30:29 - scrapper - INFO - Environnement : dev
2025-01-16 18:30:39 - scrapper - INFO - Application terminée.
2025-01-16 18:31:50 - scrapper - INFO - Application Started.
2025-01-16 18:31:50 - scrapper - INFO - Environnement : uat
2025-01-16 19:16:40 - scrapper - INFO - Application Started.
2025-01-16 19:16:40 - scrapper - INFO - Environnement : uat
2025-01-16 19:18:47 - scrapper - INFO - Application Started.
2025-01-16 19:18:47 - scrapper - INFO - Environnement : uat
2025-01-16 19:19:50 - scrapper - INFO - Application Started.
2025-01-16 19:19:50 - scrapper - INFO - Environnement : uat
2025-01-16 19:20:52 - scrapper - INFO - Application Started.
2025-01-16 19:20:52 - scrapper - INFO - Environnement : uat
2025-01-16 19:21:51 - scrapper - INFO - Application Started.
2025-01-16 19:21:51 - scrapper - INFO - Environnement : uat
2025-01-16 19:22:39 - scrapper - INFO - Application Started.
2025-01-16 19:22:39 - scrapper - INFO - Environnement : uat
2025-01-16 19:34:51 - scrapper - INFO - Application Started.
2025-01-16 19:34:51 - scrapper - INFO - Environnement : uat
2025-01-16 19:35:24 - scrapper - INFO - Application Started.
2025-01-16 19:35:24 - scrapper - INFO - Environnement : uat
2025-01-16 19:35:27 - scrapper - INFO - Environnement : uat
2025-01-16 19:35:27 - scrapper - INFO - Application terminée.
2025-01-16 19:35:27 - scrapper - INFO - Application terminée.
2025-01-16 19:35:56 - scrapper - INFO - Application Started.
2025-01-16 19:35:56 - scrapper - INFO - Environnement : uat
2025-01-16 20:08:37 - scrapper - INFO - Application Started.
2025-01-16 20:08:37 - scrapper - INFO - Environnement : uat
2025-01-16 20:08:44 - scrapper - INFO - Pharma GDD Scrapper
2025-01-16 20:08:45 - scrapper - INFO - Application terminée.
2025-01-16 20:10:10 - scrapper - INFO - Application Started.
2025-01-16 20:10:10 - scrapper - INFO - Environnement : uat
2025-01-16 20:10:20 - scrapper - INFO - Pharma GDD Scrapper
2025-01-16 20:10:20 - scrapper - INFO - Application terminée.
2025-01-16 20:13:33 - scrapper - INFO - Application Started.
2025-01-16 20:13:33 - scrapper - INFO - Environnement : dev
2025-01-16 20:16:07 - scrapper - INFO - Application Started.
2025-01-16 20:16:07 - scrapper - INFO - Environnement : dev
2025-01-16 20:16:14 - scrapper - INFO - Application Started.
2025-01-16 20:16:14 - scrapper - INFO - Environnement : uat
2025-01-16 21:29:40 - scrapper - INFO - Pharma GDD Scrapper
2025-01-17 06:55:57 - scrapper - INFO - Application terminée.
2025-01-17 11:29:00 - scrapper - INFO - Application Started.
2025-01-17 11:29:00 - scrapper - INFO - Environnement : uat
2025-01-17 11:29:04 - scrapper - INFO - Pharma Scrapper
2025-01-17 11:42:37 - scrapper - INFO - Application Started.
2025-01-17 11:42:37 - scrapper - INFO - Environnement : uat
2025-01-17 11:42:38 - scrapper - INFO - Pharma Scrapper
2025-01-17 12:25:53 - scrapper - INFO - Application terminée.
